{"C:\\Users\\shoma\\Desktop\\Project\\Front-end\\Project\\Avia_ticket\\src\\js\\app.js": {"path":"C:\\Users\\shoma\\Desktop\\Project\\Front-end\\Project\\Avia_ticket\\src\\js\\app.js","statementMap":{"0":{"start":{"line":9,"column":0},"end":{"line":72,"column":3}},"1":{"start":{"line":11,"column":2},"end":{"line":20,"column":5}},"2":{"start":{"line":12,"column":19},"end":{"line":12,"column":37}},"3":{"start":{"line":14,"column":4},"end":{"line":16,"column":5}},"4":{"start":{"line":15,"column":6},"end":{"line":15,"column":13}},"5":{"start":{"line":18,"column":4},"end":{"line":18,"column":31}},"6":{"start":{"line":19,"column":4},"end":{"line":19,"column":14}},"7":{"start":{"line":22,"column":2},"end":{"line":31,"column":5}},"8":{"start":{"line":23,"column":24},"end":{"line":23,"column":47}},"9":{"start":{"line":25,"column":4},"end":{"line":27,"column":5}},"10":{"start":{"line":26,"column":6},"end":{"line":26,"column":13}},"11":{"start":{"line":29,"column":4},"end":{"line":29,"column":36}},"12":{"start":{"line":30,"column":4},"end":{"line":30,"column":14}},"13":{"start":{"line":34,"column":2},"end":{"line":37,"column":5}},"14":{"start":{"line":35,"column":4},"end":{"line":35,"column":23}},"15":{"start":{"line":36,"column":4},"end":{"line":36,"column":19}},"16":{"start":{"line":41,"column":4},"end":{"line":41,"column":27}},"17":{"start":{"line":42,"column":4},"end":{"line":42,"column":58}},"18":{"start":{"line":47,"column":19},"end":{"line":47,"column":37}},"19":{"start":{"line":48,"column":24},"end":{"line":48,"column":47}},"20":{"start":{"line":49,"column":24},"end":{"line":49,"column":46}},"21":{"start":{"line":50,"column":24},"end":{"line":50,"column":46}},"22":{"start":{"line":53,"column":21},"end":{"line":53,"column":44}},"23":{"start":{"line":59,"column":4},"end":{"line":62,"column":7}},"24":{"start":{"line":60,"column":6},"end":{"line":60,"column":37}},"25":{"start":{"line":61,"column":6},"end":{"line":61,"column":47}},"26":{"start":{"line":64,"column":4},"end":{"line":70,"column":7}}},"fnMap":{"0":{"name":"(anonymous_0)","decl":{"start":{"line":9,"column":46},"end":{"line":9,"column":47}},"loc":{"start":{"line":9,"column":52},"end":{"line":72,"column":1}},"line":9},"1":{"name":"(anonymous_1)","decl":{"start":{"line":11,"column":42},"end":{"line":11,"column":43}},"loc":{"start":{"line":11,"column":49},"end":{"line":20,"column":3}},"line":11},"2":{"name":"(anonymous_2)","decl":{"start":{"line":22,"column":47},"end":{"line":22,"column":48}},"loc":{"start":{"line":22,"column":54},"end":{"line":31,"column":3}},"line":22},"3":{"name":"(anonymous_3)","decl":{"start":{"line":34,"column":41},"end":{"line":34,"column":42}},"loc":{"start":{"line":34,"column":48},"end":{"line":37,"column":3}},"line":34},"4":{"name":"initApp","decl":{"start":{"line":40,"column":17},"end":{"line":40,"column":24}},"loc":{"start":{"line":40,"column":27},"end":{"line":43,"column":3}},"line":40},"5":{"name":"onFormSubmit","decl":{"start":{"line":45,"column":17},"end":{"line":45,"column":29}},"loc":{"start":{"line":45,"column":32},"end":{"line":71,"column":3}},"line":45},"6":{"name":"(anonymous_6)","decl":{"start":{"line":59,"column":54},"end":{"line":59,"column":55}},"loc":{"start":{"line":59,"column":61},"end":{"line":62,"column":5}},"line":59}},"branchMap":{"0":{"loc":{"start":{"line":14,"column":4},"end":{"line":16,"column":5}},"type":"if","locations":[{"start":{"line":14,"column":4},"end":{"line":16,"column":5}},{"start":{},"end":{}}],"line":14},"1":{"loc":{"start":{"line":25,"column":4},"end":{"line":27,"column":5}},"type":"if","locations":[{"start":{"line":25,"column":4},"end":{"line":27,"column":5}},{"start":{},"end":{}}],"line":25}},"s":{"0":0,"1":0,"2":0,"3":0,"4":0,"5":0,"6":0,"7":0,"8":0,"9":0,"10":0,"11":0,"12":0,"13":0,"14":0,"15":0,"16":0,"17":0,"18":0,"19":0,"20":0,"21":0,"22":0,"23":0,"24":0,"25":0,"26":0},"f":{"0":0,"1":0,"2":0,"3":0,"4":0,"5":0,"6":0},"b":{"0":[0,0],"1":[0,0]}}
,"C:\\Users\\shoma\\Desktop\\Project\\Front-end\\Project\\Avia_ticket\\src\\js\\config\\apiConfig.js": {"path":"C:\\Users\\shoma\\Desktop\\Project\\Front-end\\Project\\Avia_ticket\\src\\js\\config\\apiConfig.js","statementMap":{"0":{"start":{"line":1,"column":15},"end":{"line":4,"column":1}}},"fnMap":{},"branchMap":{},"s":{"0":0},"f":{},"b":{}}
,"C:\\Users\\shoma\\Desktop\\Project\\Front-end\\Project\\Avia_ticket\\src\\js\\helpers\\date.js": {"path":"C:\\Users\\shoma\\Desktop\\Project\\Front-end\\Project\\Avia_ticket\\src\\js\\helpers\\date.js","statementMap":{"0":{"start":{"line":10,"column":15},"end":{"line":10,"column":28}},"1":{"start":{"line":11,"column":2},"end":{"line":11,"column":28}}},"fnMap":{"0":{"name":"formatDate","decl":{"start":{"line":9,"column":16},"end":{"line":9,"column":26}},"loc":{"start":{"line":9,"column":38},"end":{"line":12,"column":1}},"line":9}},"branchMap":{},"s":{"0":1,"1":1},"f":{"0":1},"b":{},"_coverageSchema":"1a1c01bbd47fc00a2c39e90264f33305004495a9","hash":"c6f055097743f2b017fd1ef2fd167c7e54b56b22"}
,"C:\\Users\\shoma\\Desktop\\Project\\Front-end\\Project\\Avia_ticket\\src\\js\\plugins\\index.js": {"path":"C:\\Users\\shoma\\Desktop\\Project\\Front-end\\Project\\Avia_ticket\\src\\js\\plugins\\index.js","statementMap":{},"fnMap":{},"branchMap":{},"s":{},"f":{},"b":{}}
,"C:\\Users\\shoma\\Desktop\\Project\\Front-end\\Project\\Avia_ticket\\src\\js\\plugins\\materialize.js": {"path":"C:\\Users\\shoma\\Desktop\\Project\\Front-end\\Project\\Avia_ticket\\src\\js\\plugins\\materialize.js","statementMap":{"0":{"start":{"line":5,"column":15},"end":{"line":5,"column":50}},"1":{"start":{"line":6,"column":0},"end":{"line":6,"column":26}},"2":{"start":{"line":9,"column":2},"end":{"line":9,"column":40}},"3":{"start":{"line":13,"column":21},"end":{"line":13,"column":63}},"4":{"start":{"line":14,"column":0},"end":{"line":14,"column":34}},"5":{"start":{"line":17,"column":2},"end":{"line":17,"column":42}},"6":{"start":{"line":21,"column":19},"end":{"line":21,"column":59}},"7":{"start":{"line":22,"column":0},"end":{"line":25,"column":3}},"8":{"start":{"line":28,"column":2},"end":{"line":28,"column":40}}},"fnMap":{"0":{"name":"getSelectInstance","decl":{"start":{"line":8,"column":16},"end":{"line":8,"column":33}},"loc":{"start":{"line":8,"column":40},"end":{"line":10,"column":1}},"line":8},"1":{"name":"getAutocompleteInstance","decl":{"start":{"line":16,"column":16},"end":{"line":16,"column":39}},"loc":{"start":{"line":16,"column":46},"end":{"line":18,"column":1}},"line":16},"2":{"name":"getDatepickerInstance","decl":{"start":{"line":27,"column":16},"end":{"line":27,"column":37}},"loc":{"start":{"line":27,"column":44},"end":{"line":29,"column":1}},"line":27}},"branchMap":{},"s":{"0":0,"1":0,"2":0,"3":0,"4":0,"5":0,"6":0,"7":0,"8":0},"f":{"0":0,"1":0,"2":0},"b":{}}
,"C:\\Users\\shoma\\Desktop\\Project\\Front-end\\Project\\Avia_ticket\\src\\js\\services\\apiService.js": {"path":"C:\\Users\\shoma\\Desktop\\Project\\Front-end\\Project\\Avia_ticket\\src\\js\\services\\apiService.js","statementMap":{"0":{"start":{"line":11,"column":4},"end":{"line":11,"column":26}},"1":{"start":{"line":12,"column":4},"end":{"line":12,"column":26}},"2":{"start":{"line":13,"column":4},"end":{"line":13,"column":28}},"3":{"start":{"line":17,"column":4},"end":{"line":17,"column":34}},"4":{"start":{"line":18,"column":4},"end":{"line":18,"column":18}},"5":{"start":{"line":22,"column":4},"end":{"line":30,"column":5}},"6":{"start":{"line":23,"column":23},"end":{"line":25,"column":7}},"7":{"start":{"line":26,"column":6},"end":{"line":26,"column":27}},"8":{"start":{"line":28,"column":6},"end":{"line":28,"column":23}},"9":{"start":{"line":29,"column":6},"end":{"line":29,"column":33}},"10":{"start":{"line":34,"column":23},"end":{"line":34,"column":62}},"11":{"start":{"line":35,"column":28},"end":{"line":35,"column":72}},"12":{"start":{"line":37,"column":4},"end":{"line":45,"column":5}},"13":{"start":{"line":38,"column":23},"end":{"line":40,"column":7}},"14":{"start":{"line":41,"column":6},"end":{"line":41,"column":27}},"15":{"start":{"line":43,"column":6},"end":{"line":43,"column":23}},"16":{"start":{"line":44,"column":6},"end":{"line":44,"column":33}},"17":{"start":{"line":49,"column":4},"end":{"line":55,"column":5}},"18":{"start":{"line":50,"column":23},"end":{"line":50,"column":62}},"19":{"start":{"line":51,"column":6},"end":{"line":51,"column":27}},"20":{"start":{"line":53,"column":6},"end":{"line":53,"column":23}},"21":{"start":{"line":54,"column":6},"end":{"line":54,"column":33}},"22":{"start":{"line":64,"column":8},"end":{"line":64,"column":14}},"23":{"start":{"line":66,"column":4},"end":{"line":74,"column":5}},"24":{"start":{"line":67,"column":23},"end":{"line":69,"column":7}},"25":{"start":{"line":70,"column":6},"end":{"line":70,"column":27}},"26":{"start":{"line":72,"column":6},"end":{"line":72,"column":23}},"27":{"start":{"line":73,"column":6},"end":{"line":73,"column":33}},"28":{"start":{"line":78,"column":12},"end":{"line":78,"column":27}}},"fnMap":{"0":{"name":"(anonymous_0)","decl":{"start":{"line":10,"column":2},"end":{"line":10,"column":3}},"loc":{"start":{"line":10,"column":22},"end":{"line":14,"column":3}},"line":10},"1":{"name":"(anonymous_1)","decl":{"start":{"line":16,"column":2},"end":{"line":16,"column":3}},"loc":{"start":{"line":16,"column":29},"end":{"line":19,"column":3}},"line":16},"2":{"name":"(anonymous_2)","decl":{"start":{"line":21,"column":2},"end":{"line":21,"column":3}},"loc":{"start":{"line":21,"column":17},"end":{"line":31,"column":3}},"line":21},"3":{"name":"(anonymous_3)","decl":{"start":{"line":33,"column":2},"end":{"line":33,"column":3}},"loc":{"start":{"line":33,"column":43},"end":{"line":46,"column":3}},"line":33},"4":{"name":"(anonymous_4)","decl":{"start":{"line":48,"column":2},"end":{"line":48,"column":3}},"loc":{"start":{"line":48,"column":19},"end":{"line":56,"column":3}},"line":48},"5":{"name":"(anonymous_5)","decl":{"start":{"line":58,"column":2},"end":{"line":58,"column":3}},"loc":{"start":{"line":58,"column":23},"end":{"line":75,"column":3}},"line":58}},"branchMap":{},"s":{"0":0,"1":0,"2":0,"3":0,"4":0,"5":0,"6":0,"7":0,"8":0,"9":0,"10":0,"11":0,"12":0,"13":0,"14":0,"15":0,"16":0,"17":0,"18":0,"19":0,"20":0,"21":0,"22":0,"23":0,"24":0,"25":0,"26":0,"27":0,"28":0},"f":{"0":0,"1":0,"2":0,"3":0,"4":0,"5":0},"b":{}}
,"C:\\Users\\shoma\\Desktop\\Project\\Front-end\\Project\\Avia_ticket\\src\\js\\store\\locations.js": {"path":"C:\\Users\\shoma\\Desktop\\Project\\Front-end\\Project\\Avia_ticket\\src\\js\\store\\locations.js","statementMap":{"0":{"start":{"line":5,"column":4},"end":{"line":5,"column":19}},"1":{"start":{"line":6,"column":4},"end":{"line":6,"column":26}},"2":{"start":{"line":7,"column":4},"end":{"line":7,"column":23}},"3":{"start":{"line":8,"column":4},"end":{"line":8,"column":32}},"4":{"start":{"line":9,"column":4},"end":{"line":9,"column":23}},"5":{"start":{"line":13,"column":21},"end":{"line":16,"column":6}},"6":{"start":{"line":18,"column":21},"end":{"line":18,"column":29}},"7":{"start":{"line":19,"column":4},"end":{"line":19,"column":47}},"8":{"start":{"line":20,"column":4},"end":{"line":20,"column":63}},"9":{"start":{"line":22,"column":4},"end":{"line":22,"column":20}},"10":{"start":{"line":26,"column":4},"end":{"line":26,"column":63}},"11":{"start":{"line":30,"column":4},"end":{"line":30,"column":63}},"12":{"start":{"line":34,"column":4},"end":{"line":39,"column":11}},"13":{"start":{"line":35,"column":6},"end":{"line":35,"column":64}},"14":{"start":{"line":36,"column":6},"end":{"line":36,"column":57}},"15":{"start":{"line":37,"column":6},"end":{"line":37,"column":28}},"16":{"start":{"line":38,"column":6},"end":{"line":38,"column":17}},"17":{"start":{"line":44,"column":4},"end":{"line":49,"column":11}},"18":{"start":{"line":45,"column":6},"end":{"line":45,"column":24}},"19":{"start":{"line":46,"column":18},"end":{"line":46,"column":54}},"20":{"start":{"line":47,"column":6},"end":{"line":47,"column":27}},"21":{"start":{"line":48,"column":6},"end":{"line":48,"column":17}},"22":{"start":{"line":53,"column":4},"end":{"line":56,"column":11}},"23":{"start":{"line":54,"column":6},"end":{"line":54,"column":24}},"24":{"start":{"line":55,"column":6},"end":{"line":55,"column":17}},"25":{"start":{"line":60,"column":4},"end":{"line":60,"column":24}},"26":{"start":{"line":61,"column":21},"end":{"line":61,"column":50}},"27":{"start":{"line":65,"column":18},"end":{"line":65,"column":36}}},"fnMap":{"0":{"name":"(anonymous_0)","decl":{"start":{"line":4,"column":2},"end":{"line":4,"column":3}},"loc":{"start":{"line":4,"column":19},"end":{"line":10,"column":3}},"line":4},"1":{"name":"(anonymous_1)","decl":{"start":{"line":12,"column":2},"end":{"line":12,"column":3}},"loc":{"start":{"line":12,"column":15},"end":{"line":23,"column":3}},"line":12},"2":{"name":"(anonymous_2)","decl":{"start":{"line":25,"column":2},"end":{"line":25,"column":3}},"loc":{"start":{"line":25,"column":29},"end":{"line":27,"column":3}},"line":25},"3":{"name":"(anonymous_3)","decl":{"start":{"line":29,"column":2},"end":{"line":29,"column":3}},"loc":{"start":{"line":29,"column":29},"end":{"line":31,"column":3}},"line":29},"4":{"name":"(anonymous_4)","decl":{"start":{"line":33,"column":2},"end":{"line":33,"column":3}},"loc":{"start":{"line":33,"column":30},"end":{"line":40,"column":3}},"line":33},"5":{"name":"(anonymous_5)","decl":{"start":{"line":34,"column":27},"end":{"line":34,"column":28}},"loc":{"start":{"line":34,"column":42},"end":{"line":39,"column":5}},"line":34},"6":{"name":"(anonymous_6)","decl":{"start":{"line":42,"column":2},"end":{"line":42,"column":3}},"loc":{"start":{"line":42,"column":26},"end":{"line":50,"column":3}},"line":42},"7":{"name":"(anonymous_7)","decl":{"start":{"line":44,"column":25},"end":{"line":44,"column":26}},"loc":{"start":{"line":44,"column":40},"end":{"line":49,"column":5}},"line":44},"8":{"name":"(anonymous_8)","decl":{"start":{"line":52,"column":2},"end":{"line":52,"column":3}},"loc":{"start":{"line":52,"column":28},"end":{"line":57,"column":3}},"line":52},"9":{"name":"(anonymous_9)","decl":{"start":{"line":53,"column":41},"end":{"line":53,"column":42}},"loc":{"start":{"line":53,"column":61},"end":{"line":56,"column":5}},"line":53},"10":{"name":"(anonymous_10)","decl":{"start":{"line":59,"column":2},"end":{"line":59,"column":3}},"loc":{"start":{"line":59,"column":29},"end":{"line":62,"column":3}},"line":59}},"branchMap":{"0":{"loc":{"start":{"line":26,"column":11},"end":{"line":26,"column":62}},"type":"cond-expr","locations":[{"start":{"line":26,"column":33},"end":{"line":26,"column":57}},{"start":{"line":26,"column":60},"end":{"line":26,"column":62}}],"line":26},"1":{"loc":{"start":{"line":30,"column":11},"end":{"line":30,"column":62}},"type":"cond-expr","locations":[{"start":{"line":30,"column":33},"end":{"line":30,"column":57}},{"start":{"line":30,"column":60},"end":{"line":30,"column":62}}],"line":30},"2":{"loc":{"start":{"line":36,"column":18},"end":{"line":36,"column":56}},"type":"binary-expr","locations":[{"start":{"line":36,"column":18},"end":{"line":36,"column":27}},{"start":{"line":36,"column":31},"end":{"line":36,"column":56}}],"line":36}},"s":{"0":0,"1":0,"2":0,"3":0,"4":0,"5":0,"6":0,"7":0,"8":0,"9":0,"10":0,"11":0,"12":0,"13":0,"14":0,"15":0,"16":0,"17":0,"18":0,"19":0,"20":0,"21":0,"22":0,"23":0,"24":0,"25":0,"26":0,"27":0},"f":{"0":0,"1":0,"2":0,"3":0,"4":0,"5":0,"6":0,"7":0,"8":0,"9":0,"10":0},"b":{"0":[0,0],"1":[0,0],"2":[0,0]}}
,"C:\\Users\\shoma\\Desktop\\Project\\Front-end\\Project\\Avia_ticket\\src\\js\\views\\currency.js": {"path":"C:\\Users\\shoma\\Desktop\\Project\\Front-end\\Project\\Avia_ticket\\src\\js\\views\\currency.js","statementMap":{"0":{"start":{"line":3,"column":4},"end":{"line":3,"column":56}},"1":{"start":{"line":4,"column":4},"end":{"line":8,"column":6}},"2":{"start":{"line":12,"column":4},"end":{"line":12,"column":31}},"3":{"start":{"line":16,"column":4},"end":{"line":16,"column":22}},"4":{"start":{"line":17,"column":4},"end":{"line":17,"column":46}},"5":{"start":{"line":21,"column":19},"end":{"line":21,"column":35}}},"fnMap":{"0":{"name":"(anonymous_0)","decl":{"start":{"line":2,"column":2},"end":{"line":2,"column":3}},"loc":{"start":{"line":2,"column":16},"end":{"line":9,"column":3}},"line":2},"1":{"name":"(anonymous_1)","decl":{"start":{"line":11,"column":2},"end":{"line":11,"column":3}},"loc":{"start":{"line":11,"column":21},"end":{"line":13,"column":3}},"line":11},"2":{"name":"(anonymous_2)","decl":{"start":{"line":15,"column":2},"end":{"line":15,"column":3}},"loc":{"start":{"line":15,"column":22},"end":{"line":18,"column":3}},"line":15}},"branchMap":{},"s":{"0":0,"1":0,"2":0,"3":0,"4":0,"5":0},"f":{"0":0,"1":0,"2":0},"b":{}}
,"C:\\Users\\shoma\\Desktop\\Project\\Front-end\\Project\\Avia_ticket\\src\\js\\views\\form.js": {"path":"C:\\Users\\shoma\\Desktop\\Project\\Front-end\\Project\\Avia_ticket\\src\\js\\views\\form.js","statementMap":{"0":{"start":{"line":8,"column":4},"end":{"line":8,"column":52}},"1":{"start":{"line":10,"column":4},"end":{"line":10,"column":65}},"2":{"start":{"line":11,"column":4},"end":{"line":11,"column":75}},"3":{"start":{"line":12,"column":4},"end":{"line":12,"column":63}},"4":{"start":{"line":13,"column":4},"end":{"line":13,"column":63}},"5":{"start":{"line":15,"column":4},"end":{"line":15,"column":64}},"6":{"start":{"line":16,"column":4},"end":{"line":16,"column":74}},"7":{"start":{"line":17,"column":4},"end":{"line":17,"column":60}},"8":{"start":{"line":18,"column":4},"end":{"line":18,"column":60}},"9":{"start":{"line":22,"column":4},"end":{"line":22,"column":22}},"10":{"start":{"line":26,"column":4},"end":{"line":26,"column":29}},"11":{"start":{"line":30,"column":4},"end":{"line":30,"column":34}},"12":{"start":{"line":34,"column":4},"end":{"line":34,"column":44}},"13":{"start":{"line":38,"column":4},"end":{"line":38,"column":44}},"14":{"start":{"line":42,"column":4},"end":{"line":42,"column":45}},"15":{"start":{"line":43,"column":4},"end":{"line":43,"column":50}},"16":{"start":{"line":47,"column":15},"end":{"line":47,"column":73}}},"fnMap":{"0":{"name":"(anonymous_0)","decl":{"start":{"line":7,"column":2},"end":{"line":7,"column":3}},"loc":{"start":{"line":7,"column":56},"end":{"line":19,"column":3}},"line":7},"1":{"name":"(anonymous_1)","decl":{"start":{"line":21,"column":2},"end":{"line":21,"column":3}},"loc":{"start":{"line":21,"column":13},"end":{"line":23,"column":3}},"line":21},"2":{"name":"(anonymous_2)","decl":{"start":{"line":25,"column":2},"end":{"line":25,"column":3}},"loc":{"start":{"line":25,"column":20},"end":{"line":27,"column":3}},"line":25},"3":{"name":"(anonymous_3)","decl":{"start":{"line":29,"column":2},"end":{"line":29,"column":3}},"loc":{"start":{"line":29,"column":25},"end":{"line":31,"column":3}},"line":29},"4":{"name":"(anonymous_4)","decl":{"start":{"line":33,"column":2},"end":{"line":33,"column":3}},"loc":{"start":{"line":33,"column":24},"end":{"line":35,"column":3}},"line":33},"5":{"name":"(anonymous_5)","decl":{"start":{"line":37,"column":2},"end":{"line":37,"column":3}},"loc":{"start":{"line":37,"column":24},"end":{"line":39,"column":3}},"line":37},"6":{"name":"(anonymous_6)","decl":{"start":{"line":41,"column":2},"end":{"line":41,"column":3}},"loc":{"start":{"line":41,"column":28},"end":{"line":44,"column":3}},"line":41}},"branchMap":{},"s":{"0":0,"1":0,"2":0,"3":0,"4":0,"5":0,"6":0,"7":0,"8":0,"9":0,"10":0,"11":0,"12":0,"13":0,"14":0,"15":0,"16":0},"f":{"0":0,"1":0,"2":0,"3":0,"4":0,"5":0,"6":0},"b":{}}
,"C:\\Users\\shoma\\Desktop\\Project\\Front-end\\Project\\Avia_ticket\\src\\js\\views\\tickets.js": {"path":"C:\\Users\\shoma\\Desktop\\Project\\Front-end\\Project\\Avia_ticket\\src\\js\\views\\tickets.js","statementMap":{"0":{"start":{"line":5,"column":4},"end":{"line":5,"column":70}},"1":{"start":{"line":6,"column":4},"end":{"line":6,"column":71}},"2":{"start":{"line":10,"column":4},"end":{"line":10,"column":26}},"3":{"start":{"line":12,"column":4},"end":{"line":15,"column":5}},"4":{"start":{"line":13,"column":6},"end":{"line":13,"column":26}},"5":{"start":{"line":14,"column":6},"end":{"line":14,"column":13}},"6":{"start":{"line":17,"column":19},"end":{"line":17,"column":21}},"7":{"start":{"line":18,"column":21},"end":{"line":18,"column":45}},"8":{"start":{"line":20,"column":4},"end":{"line":23,"column":7}},"9":{"start":{"line":21,"column":23},"end":{"line":21,"column":65}},"10":{"start":{"line":22,"column":6},"end":{"line":22,"column":27}},"11":{"start":{"line":25,"column":4},"end":{"line":25,"column":62}},"12":{"start":{"line":29,"column":4},"end":{"line":29,"column":34}},"13":{"start":{"line":33,"column":21},"end":{"line":33,"column":49}},"14":{"start":{"line":34,"column":4},"end":{"line":34,"column":62}},"15":{"start":{"line":38,"column":4},"end":{"line":42,"column":6}},"16":{"start":{"line":46,"column":4},"end":{"line":78,"column":6}},"17":{"start":{"line":82,"column":18},"end":{"line":82,"column":43}}},"fnMap":{"0":{"name":"(anonymous_0)","decl":{"start":{"line":4,"column":2},"end":{"line":4,"column":3}},"loc":{"start":{"line":4,"column":24},"end":{"line":7,"column":3}},"line":4},"1":{"name":"(anonymous_1)","decl":{"start":{"line":9,"column":2},"end":{"line":9,"column":3}},"loc":{"start":{"line":9,"column":25},"end":{"line":26,"column":3}},"line":9},"2":{"name":"(anonymous_2)","decl":{"start":{"line":20,"column":20},"end":{"line":20,"column":21}},"loc":{"start":{"line":20,"column":32},"end":{"line":23,"column":5}},"line":20},"3":{"name":"(anonymous_3)","decl":{"start":{"line":28,"column":2},"end":{"line":28,"column":3}},"loc":{"start":{"line":28,"column":19},"end":{"line":30,"column":3}},"line":28},"4":{"name":"(anonymous_4)","decl":{"start":{"line":32,"column":2},"end":{"line":32,"column":3}},"loc":{"start":{"line":32,"column":17},"end":{"line":35,"column":3}},"line":32},"5":{"name":"(anonymous_5)","decl":{"start":{"line":37,"column":2},"end":{"line":37,"column":3}},"loc":{"start":{"line":37,"column":28},"end":{"line":43,"column":3}},"line":37},"6":{"name":"(anonymous_6)","decl":{"start":{"line":45,"column":2},"end":{"line":45,"column":3}},"loc":{"start":{"line":45,"column":42},"end":{"line":79,"column":3}},"line":45}},"branchMap":{"0":{"loc":{"start":{"line":12,"column":4},"end":{"line":15,"column":5}},"type":"if","locations":[{"start":{"line":12,"column":4},"end":{"line":15,"column":5}},{"start":{},"end":{}}],"line":12}},"s":{"0":0,"1":0,"2":0,"3":0,"4":0,"5":0,"6":0,"7":0,"8":0,"9":0,"10":0,"11":0,"12":0,"13":0,"14":0,"15":0,"16":0,"17":0},"f":{"0":0,"1":0,"2":0,"3":0,"4":0,"5":0,"6":0},"b":{"0":[0,0]}}
}
